__________
| A | C | E | D | 
| L | U | G | * | 
| E | * | H | T | 
| G | A | F | K | 
__________
Enter as many words are you can find in the board.
Type the word and hit enter. Enter 0 when finished.
Possible words
aah
aahed
aahs
aal
able
abluent
ace
aced
aces
ache
ached
achy
aculei
acute
aerugo
aff
affluent
afoul
aft
aga
age
aged
agee
agent
ager
ages
agger
aggie
agha
aghas
agile
agma
ago
agog
ague
agues
aha
ahull
ail
ajuga
akela
ala
alae
alb
alba
ale
alec
alee
alef
alegar
aleph
alephs
ales
alfa
alga
algae
algid
alif
alight
alighted
alights
align
aligned
all
alma
almah
almahs
alme
almuce
almuces
almug
almugs
aloe
aloft
aloha
alp
alpha
als
alt
altho
alula
alulae
alum
amu
ane
anga
angel
anger
angle
angled
angst
anlace
anlaces
ape
aphid
aqua
are
arf
argent
argle
argled
argot
argue
argued
arguer
argues
arhat
ash
ashed
ashy
ate
augend
auger
aught
aughts
auk
auld
aura
aurae
ave
awe
awl
axe
axel
axle
aye
bag
bagel
bah
baht
bahts
becalm
because
beclog
becudgel
bed
beg
begs
beguile
begulf
begum
begun
bel
belaced
beluga
bhang
bhut
blue
blued
bluer
blues
bluest
bluet
bluey
bug
bugged
bugle
bugled
bugs
bugsha
buhl
buhr
cage
caleche
calesa
calf
calif
calk
call
calla
calm
calque
calqued
calques
calve
calx
caudle
caught
caul
cauld
caules
caulk
cauls
cause
ceca
cecal
cecum
cede
cedi
cee
celt
cent
cep
chad
chafe
chaff
challa
cham
chang
change
changed
chao
chap
chape
chapel
char
chare
charge
charged
chase
chat
chaw
chay
chef
chela
chi
chia
chid
chide
chiel
chile
chit
chub
chufa
chuff
chug
chugged
chugs
chum
churl
chute
chyle
clag
clagged
clags
claucht
claught
claughts
clause
clean
clear
cleat
clef
cleft
clefted
clefts
clergy
clew
clift
clifts
clog
clogged
clogs
clough
cloughs
club
clue
clued
clues
clung
cub
cubage
cube
cud
cudgel
cue
cued
cues
cuff
cuif
cuke
culch
culet
culex
cull
culm
culpa
culpae
cult
cum
cup
cupel
cur
cure
curf
curl
cushat
cushy
cut
cute
daft
dag
dagga
daggle
dago
dags
dah
dahl
dahs
deaf
death
deathful
deaths
deathy
deb
debt
decal
decalog
decalogs
decals
decuple
dee
deet
deft
degage
degum
dei
deign
del
deluge
deluged
deluges
den
dengue
dengues
dent
depth
depths
des
deuce
deuced
deuces
dev
dew
dex
dey
dhak
dhal
dhole
die
dig
dight
digs
dit
doe
dog
doge
dogie
dogleg
dogma
dogs
dogy
dot
doth
dreg
dregs
dual
ducal
duce
duces
due
duel
dues
duet
dug
dugs
dulcet
dye
each
eager
eagle
eagre
ear
earl
eat
eath
eau
eche
eched
echo
echoed
eclogue
ecu
ecus
edge
edged
edger
edges
edgy
edh
edhs
edit
educe
educed
educes
eel
eff
eft
efts
egad
egal
eger
egest
egg
eggcup
egged
egger
eggs
eggy
ego
eight
eighth
eights
eighty
eld
elegit
elegy
elf
elhi
elk
ell
elm
els
eluent
emu
end
eng
engage
engraft
engs
engulf
enlace
enlaced
enlaces
enthuse
epha
ephah
ephas
ephod
equal
era
erg
ergo
ergot
ergs
erugo
eta
eth
ethane
eths
ethyl
euchre
euchred
eulogy
exhale
exhume
fable
face
facula
fad
fade
fadge
fadged
fadges
fag
fagged
faggot
faggy
fagot
fags
fail
fake
falces
fall
fame
fan
fane
fang
fanga
fanged
fangs
far
fare
farl
farle
fas
fash
fashed
fat
fate
faucal
fauces
faucet
faugh
favela
fax
fay
faze
fecal
fecula
feculae
fed
fee
feel
feh
fehs
feu
feud
feued
feus
fie
fig
figged
fight
fights
figs
fil
fila
file
flag
flea
flu
flue
flued
fluent
flues
foe
fog
fogey
fogged
fogie
fogs
fogy
foh
fohn
fou
fought
foul
frae
frag
frug
frugged
frugs
fuel
fug
fugged
fugle
fugled
fugs
fugu
fugue
fugued
fugues
gab
gable
gad
gadget
gae
gaed
gaen
gaes
gaff
gaffe
gag
gaga
gage
gaged
gager
gages
gagged
gagger
gaggle
gaggled
gags
gal
gala
gale
galea
gall
gam
game
gan
gane
gang
ganged
ganger
gangs
gangue
gangues
gaol
gap
gape
gar
garget
gargle
gargled
gas
gash
gashed
gat
gate
gauge
gauged
gauger
gauges
gave
gavel
gay
gaze
gear
ged
geds
gee
geed
gel
geld
gels
gelt
gem
gent
genu
genua
gerah
gerahs
gest
get
geta
geum
gey
ghat
ghee
ghi
ghoul
gid
gie
gied
gift
gifted
gifts
gig
giga
gigged
gighe
gigot
gigs
gigue
gigues
git
glace
glaceed
glaces
gled
gleg
glue
glued
gluer
glues
gluey
glug
glugged
glugs
gnu
goa
god
gogo
got
gouge
gouged
gouger
gouges
graft
graftage
grafted
grafts
grue
gruel
grues
gude
guest
guff
guile
gul
gulag
gulch
gules
gulf
gull
gulp
guls
gum
gun
gurge
gush
gushed
gushy
gut
guv
guy
haaf
habu
had
hade
hae
haed
haem
haen
haes
haet
haft
hafted
hafts
hag
hagged
haggle
haggled
hags
hah
haha
hahs
hail
haj
hake
hale
half
hall
halluces
ham
hame
hang
hanged
hanger
hangs
hao
haole
hap
hare
harl
has
hat
hate
hatful
haugh
haul
have
haw
hay
haze
hazel
hedge
hedgy
heed
heel
heft
hefted
hefts
hefty
het
heuch
heugh
heughs
hid
hide
hie
hied
higgle
high
hight
hila
hit
hod
hoe
hoed
hog
hogg
hogged
hogs
hogtie
hogtied
hole
hot
hub
hue
hued
hues
huff
hug
huge
huger
hugest
hugged
hugger
hugs
huh
hula
hulk
hull
hum
hun
hung
hunger
hup
hurl
hut
hyla
iglu
ilea
jag
jeu
jeux
jug
juga
jugged
jugs
kae
kaf
kea
kedge
keg
kegs
khaf
khafs
khan
khat
khet
khi
kluge
kluges
kue
kues
kugel
lac
lace
laced
lacer
laces
lacey
lacuna
lacunae
lacune
lag
lagend
lager
lagged
lags
laud
laugh
laughed
laughs
laura
laurae
lea
leach
leached
leachy
lead
leaf
leafage
leafages
leafs
leafy
league
leagued
leaguer
leagues
leak
leal
lean
leap
lear
leas
leash
leashed
lech
leched
led
ledge
ledger
ledges
ledgy
lee
left
lefts
lefty
leg
legal
legend
leger
leges
legged
leggy
legit
legs
legume
lehr
lehua
lei
lek
leku
length
lengths
lengthy
let
lethe
leu
leud
lev
leva
lex
ley
lez
lie
lieu
lift
lifted
lifts
liger
light
lighted
lights
loaf
loft
lofted
lofts
lofty
log
loge
loges
logged
logo
logs
logy
lough
loughs
lube
luce
lucent
luces
lude
lues
luff
luffa
lug
luge
luged
luges
luggage
lugged
lugger
luggie
lugs
lum
luna
lune
lung
lunge
lunged
lungee
lunger
lunges
lungi
lungs
lure
lush
lushed
lute
lutea
luv
lux
luxe
lye
mae
mag
mage
mahoe
med
mel
mho
mug
mugg
mugged
mugs
mule
nae
nag
nah
negus
neuk
neum
neume
nth
oaf
ode
odeum
oft
ogee
ogham
ogle
ogled
ogre
ohed
ohia
ohm
ohmage
oho
ohs
ole
olea
ought
oughted
oughts
page
pah
pea
peag
peculia
ped
peg
pegs
phage
phages
phase
phat
phi
phot
pht
phut
phyla
phyle
place
placed
placer
places
placet
plea
plug
plugged
plugs
puce
puces
pug
pugged
pugh
pugs
pul
pula
pule
qua
quale
quest
quey
raft
rafted
rafts
rag
rage
rah
rec
recall
reclean
recluse
recur
recuse
recut
red
reg
regal
regale
reggae
reglue
regma
regna
regraft
regs
reguli
relace
relaced
relaces
relucent
reuse
rhea
rho
rhus
rue
rued
ruer
rues
rug
ruga
rugae
rugged
rugs
rule
sae
sag
sage
sea
sec
seclude
secure
sedge
sedgy
seg
sego
segs
segue
segued
segues
sel
sha
shad
shade
shaft
shafted
shafts
shag
shagged
shags
shah
shake
shale
shall
sham
shame
shape
share
shat
shaul
shave
shaw
shawl
shay
she
shea
sheaf
shed
shh
shied
shiel
shift
shit
shod
shoe
shoed
shoelace
shog
shot
shred
shrug
shul
shuln
shuls
shun
shut
shute
shy
slue
slued
slues
slug
slugged
slugs
sue
sued
suede
suer
sues
suet
sugh
sughed
sughs
tad
tae
tael
tag
tagrag
tags
tahr
tea
ted
tee
teed
teg
tegs
tegua
tel
tela
teuch
teugh
thae
than
thane
that
thaw
the
theca
thecal
thee
theft
thegn
thigh
thighed
tho
thole
thou
thoued
though
thru
thud
thug
thuggee
thugs
thuja
thulia
thurl
thus
thuya
thy
tide
tie
tied
tight
tod
toe
toed
tog
toga
togae
toggle
togs
togue
togues
tug
tugged
tugs
tule
tye
ugh
ughs
uke
ulcer
ulema
ullage
ulna
ulnae
ulu
ulva
ungot
unhat
unlace
unlaced
unlaces
urea
urge
urged
urgent
urger
urges
usage
use
uta
uvea
veg
vegie
vela
vug
vugg
vugh
vughs
vugs
wae
waft
waftage
wafted
wafts
wag
wage
wed
wedge
wedgie
wedgy
wha
whale
wham
whang
whanged
whap
wharf
what
whee
wheel
whet
whid
whig
while
whit
who
whoa
whole
why
yah
yea
yeah
yegg
yeuk
yuga
yule
zaftig
zag
zed
zeugma
Correct words:
# of correct words: 0
# of possible words: 1310
% of possible words: 0